<?xml version="1.0" encoding="UTF-8"?>
<testng-results ignored="0" total="0" passed="0" failed="0" skipped="0">
  <reporter-output>
  </reporter-output>
  <suite started-at="2023-06-23T13:18:26 IST" name="Suite" finished-at="2023-06-23T13:18:26 IST" duration-ms="15">
    <groups>
    </groups>
    <test started-at="2023-06-23T13:18:26 IST" name="Test_chrome" finished-at="2023-06-23T13:18:26 IST" duration-ms="15">
    </test> <!-- Test_chrome -->
    <test started-at="2023-06-23T13:18:26 IST" name="Test_firefox" finished-at="2023-06-23T13:18:26 IST" duration-ms="15">
    </test> <!-- Test_firefox -->
  </suite> <!-- Suite -->
</testng-results>
